TN:
SF:lib\splitBillUtils.ts
FN:8,calculateChange
FN:23,isFullyPaid
FN:33,determineOrderStatus
FN:47,calculateEqualSplit
FN:57,(anonymous_4)
FN:68,calculateRemaining
FNF:6
FNH:6
FNDA:4,calculateChange
FNDA:6,isFullyPaid
FNDA:3,determineOrderStatus
FNDA:5,calculateEqualSplit
FNDA:14,(anonymous_4)
FNDA:3,calculateRemaining
DA:8,1
DA:12,4
DA:13,3
DA:14,2
DA:23,1
DA:24,6
DA:33,1
DA:37,3
DA:47,1
DA:51,5
DA:52,4
DA:54,3
DA:55,3
DA:57,3
DA:58,14
DA:68,1
DA:72,3
LF:17
LH:17
BRDA:12,0,0,1
BRDA:12,0,1,3
BRDA:12,1,0,4
BRDA:12,1,1,3
BRDA:13,2,0,1
BRDA:13,2,1,2
BRDA:37,3,0,1
BRDA:37,3,1,2
BRDA:51,4,0,1
BRDA:51,4,1,4
BRDA:52,5,0,1
BRDA:52,5,1,3
BRDA:58,6,0,3
BRDA:58,6,1,11
BRF:14
BRH:14
end_of_record
