TN:
SF:app\api\analytics\all\route.ts
FN:8,GET
FN:67,(anonymous_9)
FN:91,(anonymous_10)
FN:92,(anonymous_11)
FN:93,(anonymous_12)
FN:94,(anonymous_13)
FN:95,(anonymous_14)
FN:97,(anonymous_15)
FN:107,(anonymous_16)
FN:120,(anonymous_17)
FN:141,(anonymous_18)
FN:142,(anonymous_19)
FN:162,(anonymous_20)
FN:162,(anonymous_21)
FN:172,(anonymous_22)
FN:182,(anonymous_23)
FN:201,(anonymous_24)
FNF:17
FNH:0
FNDA:0,GET
FNDA:0,(anonymous_9)
FNDA:0,(anonymous_10)
FNDA:0,(anonymous_11)
FNDA:0,(anonymous_12)
FNDA:0,(anonymous_13)
FNDA:0,(anonymous_14)
FNDA:0,(anonymous_15)
FNDA:0,(anonymous_16)
FNDA:0,(anonymous_17)
FNDA:0,(anonymous_18)
FNDA:0,(anonymous_19)
FNDA:0,(anonymous_20)
FNDA:0,(anonymous_21)
FNDA:0,(anonymous_22)
FNDA:0,(anonymous_23)
FNDA:0,(anonymous_24)
DA:1,0
DA:2,0
DA:3,0
DA:4,0
DA:6,0
DA:8,0
DA:9,0
DA:10,0
DA:11,0
DA:12,0
DA:13,0
DA:16,0
DA:46,0
DA:47,0
DA:48,0
DA:49,0
DA:50,0
DA:52,0
DA:53,0
DA:54,0
DA:55,0
DA:56,0
DA:58,0
DA:59,0
DA:61,0
DA:62,0
DA:64,0
DA:67,0
DA:69,0
DA:70,0
DA:71,0
DA:74,0
DA:75,0
DA:76,0
DA:78,0
DA:79,0
DA:80,0
DA:81,0
DA:82,0
DA:83,0
DA:85,0
DA:86,0
DA:87,0
DA:90,0
DA:91,0
DA:92,0
DA:93,0
DA:94,0
DA:95,0
DA:97,0
DA:100,0
DA:101,0
DA:102,0
DA:103,0
DA:104,0
DA:105,0
DA:107,0
DA:113,0
DA:114,0
DA:115,0
DA:116,0
DA:117,0
DA:118,0
DA:120,0
DA:121,0
DA:122,0
DA:123,0
DA:127,0
DA:128,0
DA:129,0
DA:130,0
DA:131,0
DA:133,0
DA:134,0
DA:135,0
DA:136,0
DA:137,0
DA:138,0
DA:140,0
DA:141,0
DA:142,0
DA:143,0
DA:144,0
DA:146,0
DA:147,0
DA:150,0
DA:151,0
DA:152,0
DA:153,0
DA:154,0
DA:155,0
DA:156,0
DA:157,0
DA:158,0
DA:159,0
DA:161,0
DA:162,0
DA:165,0
DA:166,0
DA:167,0
DA:168,0
DA:169,0
DA:170,0
DA:172,0
DA:173,0
DA:174,0
DA:175,0
DA:176,0
DA:182,0
DA:184,0
DA:201,0
DA:205,0
DA:206,0
LF:113
LH:0
BRDA:54,0,0,0
BRDA:54,0,1,0
BRDA:58,1,0,0
BRDA:58,1,1,0
BRDA:61,2,0,0
BRDA:61,2,1,0
BRDA:64,3,0,0
BRDA:64,3,1,0
BRDA:69,4,0,0
BRDA:69,4,1,0
BRDA:70,5,0,0
BRDA:70,5,1,0
BRDA:71,6,0,0
BRDA:71,6,1,0
BRDA:82,7,0,0
BRDA:82,7,1,0
BRDA:86,8,0,0
BRDA:86,8,1,0
BRDA:92,9,0,0
BRDA:92,9,1,0
BRDA:94,10,0,0
BRDA:94,10,1,0
BRDA:96,11,0,0
BRDA:96,11,1,0
BRDA:105,12,0,0
BRDA:105,12,1,0
BRDA:130,13,0,0
BRDA:130,13,1,0
BRDA:136,14,0,0
BRDA:136,14,1,0
BRDA:144,15,0,0
BRDA:144,15,1,0
BRDA:146,16,0,0
BRDA:146,16,1,0
BRDA:146,17,0,0
BRDA:146,17,1,0
BRDA:147,18,0,0
BRDA:147,18,1,0
BRDA:147,19,0,0
BRDA:147,19,1,0
BRDA:147,20,0,0
BRDA:147,20,1,0
BRDA:154,21,0,0
BRDA:154,21,1,0
BRDA:154,22,0,0
BRDA:154,22,1,0
BRDA:154,22,2,0
BRDA:155,23,0,0
BRDA:155,23,1,0
BRDA:155,24,0,0
BRDA:155,24,1,0
BRDA:156,25,0,0
BRDA:156,25,1,0
BRDA:157,26,0,0
BRDA:157,26,1,0
BRDA:158,27,0,0
BRDA:158,27,1,0
BRDA:159,28,0,0
BRDA:159,28,1,0
BRDA:166,29,0,0
BRDA:166,29,1,0
BRDA:168,30,0,0
BRDA:168,30,1,0
BRDA:170,31,0,0
BRDA:170,31,1,0
BRDA:173,32,0,0
BRDA:173,32,1,0
BRDA:174,33,0,0
BRDA:174,33,1,0
BRDA:179,34,0,0
BRDA:179,34,1,0
BRDA:180,35,0,0
BRDA:180,35,1,0
BRDA:190,36,0,0
BRDA:190,36,1,0
BRF:75
BRH:0
end_of_record
TN:
SF:app\api\analytics\day-of-week\route.ts
FN:8,GET
FN:31,(anonymous_9)
FNF:2
FNH:0
FNDA:0,GET
FNDA:0,(anonymous_9)
DA:1,0
DA:2,0
DA:3,0
DA:4,0
DA:6,0
DA:8,0
DA:9,0
DA:10,0
DA:11,0
DA:13,0
DA:18,0
DA:19,0
DA:21,0
DA:22,0
DA:23,0
DA:24,0
DA:25,0
DA:26,0
DA:30,0
DA:31,0
DA:32,0
DA:33,0
DA:34,0
DA:43,0
DA:44,0
LF:25
LH:0
BRF:0
BRH:0
end_of_record
TN:
SF:app\api\analytics\menu-performance\route.ts
FN:6,GET
FN:36,(anonymous_9)
FN:37,(anonymous_10)
FN:38,(anonymous_11)
FN:39,(anonymous_12)
FN:41,(anonymous_13)
FN:43,(anonymous_14)
FNF:7
FNH:0
FNDA:0,GET
FNDA:0,(anonymous_9)
FNDA:0,(anonymous_10)
FNDA:0,(anonymous_11)
FNDA:0,(anonymous_12)
FNDA:0,(anonymous_13)
FNDA:0,(anonymous_14)
DA:1,0
DA:2,0
DA:3,0
DA:4,0
DA:6,0
DA:7,0
DA:8,0
DA:9,0
DA:11,0
DA:17,0
DA:18,0
DA:19,0
DA:21,0
DA:22,0
DA:23,0
DA:24,0
DA:26,0
DA:27,0
DA:28,0
DA:30,0
DA:31,0
DA:32,0
DA:35,0
DA:36,0
DA:37,0
DA:38,0
DA:39,0
DA:41,0
DA:43,0
DA:45,0
DA:46,0
LF:31
LH:0
BRDA:27,0,0,0
BRDA:27,0,1,0
BRDA:31,1,0,0
BRDA:31,1,1,0
BRDA:37,2,0,0
BRDA:37,2,1,0
BRDA:39,3,0,0
BRDA:39,3,1,0
BRDA:42,4,0,0
BRDA:42,4,1,0
BRF:10
BRH:0
end_of_record
TN:
SF:app\api\analytics\menu-trend\route.ts
FN:6,GET
FN:29,(anonymous_9)
FN:30,(anonymous_10)
FNF:3
FNH:0
FNDA:0,GET
FNDA:0,(anonymous_9)
FNDA:0,(anonymous_10)
DA:1,0
DA:2,0
DA:3,0
DA:4,0
DA:6,0
DA:7,0
DA:8,0
DA:9,0
DA:10,0
DA:12,0
DA:14,0
DA:22,0
DA:23,0
DA:24,0
DA:25,0
DA:28,0
DA:29,0
DA:30,0
DA:32,0
DA:33,0
LF:20
LH:0
BRDA:10,0,0,0
BRDA:10,0,1,0
BRDA:24,1,0,0
BRDA:24,1,1,0
BRDA:24,2,0,0
BRDA:24,2,1,0
BRDA:24,3,0,0
BRDA:24,3,1,0
BRDA:24,4,0,0
BRDA:24,4,1,0
BRDA:25,5,0,0
BRDA:25,5,1,0
BRDA:25,6,0,0
BRDA:25,6,1,0
BRF:14
BRH:0
end_of_record
TN:
SF:app\api\analytics\peak-hours\route.ts
FN:6,GET
FN:26,(anonymous_9)
FNF:2
FNH:0
FNDA:0,GET
FNDA:0,(anonymous_9)
DA:1,0
DA:2,0
DA:3,0
DA:4,0
DA:6,0
DA:7,0
DA:8,0
DA:9,0
DA:11,0
DA:16,0
DA:17,0
DA:19,0
DA:20,0
DA:21,0
DA:22,0
DA:25,0
DA:26,0
DA:33,0
DA:34,0
LF:19
LH:0
BRDA:22,0,0,0
BRDA:22,0,1,0
BRF:2
BRH:0
end_of_record
TN:
SF:app\api\analytics\profit\route.ts
FN:6,GET
FN:44,(anonymous_9)
FN:45,(anonymous_10)
FN:47,(anonymous_11)
FN:48,(anonymous_12)
FN:69,(anonymous_13)
FN:70,(anonymous_14)
FNF:7
FNH:6
FNDA:3,GET
FNDA:2,(anonymous_9)
FNDA:0,(anonymous_10)
FNDA:3,(anonymous_11)
FNDA:7,(anonymous_12)
FNDA:7,(anonymous_13)
FNDA:9,(anonymous_14)
DA:1,1
DA:2,1
DA:3,1
DA:4,1
DA:6,1
DA:7,3
DA:8,3
DA:9,3
DA:10,3
DA:13,3
DA:17,2
DA:23,2
DA:29,2
DA:30,2
DA:31,3
DA:32,3
DA:33,3
DA:34,3
DA:36,2
DA:37,7
DA:38,7
DA:39,7
DA:40,7
DA:43,2
DA:44,2
DA:45,0
DA:47,3
DA:48,7
DA:49,2
DA:50,2
DA:52,2
DA:53,2
DA:57,2
DA:58,2
DA:59,7
DA:60,7
DA:61,7
DA:62,5
DA:63,4
DA:64,3
DA:65,2
DA:66,7
DA:68,2
DA:69,7
DA:70,9
DA:72,2
DA:80,1
LF:47
LH:46
BRDA:32,0,0,3
BRDA:32,0,1,2
BRDA:38,1,0,7
BRDA:38,1,1,0
BRDA:50,2,0,2
BRDA:50,2,1,0
BRDA:52,3,0,2
BRDA:52,3,1,1
BRDA:52,4,0,2
BRDA:52,4,1,1
BRDA:53,5,0,1
BRDA:53,5,1,1
BRDA:53,6,0,2
BRDA:53,6,1,1
BRDA:54,7,0,1
BRDA:54,7,1,0
BRDA:61,8,0,2
BRDA:61,8,1,5
BRDA:61,9,0,7
BRDA:61,9,1,5
BRDA:61,9,2,5
BRDA:62,10,0,1
BRDA:62,10,1,4
BRDA:62,11,0,5
BRDA:62,11,1,4
BRDA:63,12,0,1
BRDA:63,12,1,3
BRDA:64,13,0,1
BRDA:64,13,1,2
BRDA:65,14,0,1
BRDA:65,14,1,1
BRDA:66,15,0,7
BRDA:66,15,1,7
BRF:33
BRH:30
end_of_record
TN:
SF:app\api\analytics\revenue\route.ts
FN:6,GET
FN:44,(anonymous_9)
FNF:2
FNH:2
FNDA:3,GET
FNDA:1,(anonymous_9)
DA:1,1
DA:2,1
DA:3,1
DA:4,1
DA:6,1
DA:7,3
DA:8,3
DA:9,3
DA:11,3
DA:18,2
DA:19,2
DA:20,2
DA:21,2
DA:22,2
DA:24,2
DA:25,2
DA:26,2
DA:27,2
DA:28,2
DA:29,2
DA:31,2
DA:32,2
DA:34,2
DA:35,1
DA:37,2
DA:38,1
DA:40,2
DA:43,2
DA:44,2
DA:48,2
DA:59,1
LF:31
LH:31
BRDA:26,0,0,2
BRDA:26,0,1,1
BRDA:34,1,0,1
BRDA:34,1,1,1
BRDA:37,2,0,1
BRDA:37,2,1,1
BRDA:40,3,0,1
BRDA:40,3,1,1
BRDA:53,4,0,1
BRDA:53,4,1,1
BRF:10
BRH:10
end_of_record
TN:
SF:app\api\analytics\revenue\comparison\route.ts
FN:6,GET
FNF:1
FNH:0
FNDA:0,GET
DA:1,0
DA:2,0
DA:3,0
DA:4,0
DA:6,0
DA:7,0
DA:8,0
DA:9,0
DA:10,0
DA:12,0
DA:17,0
DA:18,0
DA:19,0
DA:20,0
DA:22,0
DA:23,0
DA:25,0
DA:34,0
LF:18
LH:0
BRDA:17,0,0,0
BRDA:17,0,1,0
BRDA:18,1,0,0
BRDA:18,1,1,0
BRDA:22,2,0,0
BRDA:22,2,1,0
BRDA:23,3,0,0
BRDA:23,3,1,0
BRF:8
BRH:0
end_of_record
TN:
SF:app\api\analytics\stock-efficiency\route.ts
FN:6,GET
FN:45,(anonymous_9)
FN:59,(anonymous_10)
FNF:3
FNH:0
FNDA:0,GET
FNDA:0,(anonymous_9)
FNDA:0,(anonymous_10)
DA:1,0
DA:2,0
DA:3,0
DA:4,0
DA:6,0
DA:7,0
DA:8,0
DA:9,0
DA:10,0
DA:13,0
DA:19,0
DA:25,0
DA:30,0
DA:36,0
DA:37,0
DA:39,0
DA:40,0
DA:42,0
DA:43,0
DA:45,0
DA:46,0
DA:47,0
DA:48,0
DA:49,0
DA:50,0
DA:59,0
DA:61,0
DA:62,0
LF:28
LH:0
BRDA:37,0,0,0
BRDA:37,0,1,0
BRDA:40,1,0,0
BRDA:40,1,1,0
BRDA:43,2,0,0
BRDA:43,2,1,0
BRDA:46,3,0,0
BRDA:46,3,1,0
BRDA:47,4,0,0
BRDA:47,4,1,0
BRDA:49,5,0,0
BRDA:49,5,1,0
BRDA:57,6,0,0
BRDA:57,6,1,0
BRF:14
BRH:0
end_of_record
TN:
SF:app\api\auth\login\route.ts
FN:5,POST
FNF:1
FNH:1
FNDA:7,POST
DA:1,1
DA:2,1
DA:3,1
DA:5,1
DA:6,7
DA:7,7
DA:9,7
DA:10,1
DA:16,6
DA:20,6
DA:21,1
DA:27,5
DA:28,1
DA:34,4
DA:40,4
DA:49,0
LF:16
LH:15
BRDA:9,0,0,1
BRDA:9,0,1,6
BRDA:9,1,0,7
BRDA:9,1,1,6
BRDA:20,2,0,1
BRDA:20,2,1,5
BRDA:27,3,0,1
BRDA:27,3,1,4
BRF:8
BRH:8
end_of_record
TN:
SF:app\api\auth\logout\route.ts
FN:4,POST
FNF:1
FNH:1
FNDA:1,POST
DA:1,1
DA:2,1
DA:4,1
DA:5,1
DA:6,1
LF:5
LH:5
BRF:0
BRH:0
end_of_record
TN:
SF:app\api\auth\me\route.ts
FN:5,GET
FNF:1
FNH:1
FNDA:2,GET
DA:1,1
DA:2,1
DA:3,1
DA:5,1
DA:6,2
DA:7,2
DA:8,1
DA:13,1
LF:8
LH:8
BRDA:7,0,0,1
BRDA:7,0,1,1
BRF:2
BRH:2
end_of_record
TN:
SF:app\api\categories\route.ts
FN:4,GET
FN:19,POST
FNF:2
FNH:2
FNDA:2,GET
FNDA:5,POST
DA:1,1
DA:2,1
DA:4,1
DA:5,2
DA:6,2
DA:10,1
DA:12,1
DA:19,1
DA:20,5
DA:21,5
DA:23,5
DA:24,1
DA:30,4
DA:31,4
DA:32,1
DA:39,3
DA:40,3
DA:41,3
DA:42,3
DA:45,3
DA:50,3
DA:52,0
LF:22
LH:21
BRDA:23,0,0,1
BRDA:23,0,1,4
BRDA:23,1,0,0
BRDA:23,1,1,5
BRDA:23,2,0,5
BRDA:23,2,1,5
BRDA:31,3,0,1
BRDA:31,3,1,3
BRDA:40,4,0,3
BRDA:40,4,1,0
BRDA:40,5,0,3
BRDA:40,5,1,0
BRDA:42,6,0,2
BRDA:42,6,1,1
BRDA:42,7,0,3
BRDA:42,7,1,3
BRDA:42,8,0,1
BRDA:42,8,1,2
BRDA:42,9,0,3
BRDA:42,9,1,2
BRF:20
BRH:17
end_of_record
TN:
SF:app\api\categories\[id]\route.ts
FN:4,PUT
FN:5,(anonymous_8)
FN:43,DELETE
FN:44,(anonymous_10)
FNF:4
FNH:4
FNDA:3,PUT
FNDA:3,(anonymous_8)
FNDA:2,DELETE
FNDA:2,(anonymous_10)
DA:1,1
DA:2,1
DA:4,1
DA:5,3
DA:8,3
DA:9,3
DA:11,3
DA:12,1
DA:18,2
DA:21,2
DA:22,1
DA:28,1
DA:34,1
DA:36,0
DA:43,1
DA:44,2
DA:47,2
DA:48,2
DA:52,2
DA:53,1
DA:62,1
DA:63,1
DA:65,0
LF:23
LH:21
BRDA:11,0,0,1
BRDA:11,0,1,2
BRDA:11,1,0,0
BRDA:11,1,1,3
BRDA:11,2,0,3
BRDA:11,2,1,3
BRDA:21,3,0,1
BRDA:21,3,1,1
BRDA:30,4,0,1
BRDA:30,4,1,0
BRDA:30,5,0,1
BRDA:30,5,1,1
BRDA:52,6,0,1
BRDA:52,6,1,1
BRF:14
BRH:12
end_of_record
TN:
SF:app\api\dashboard\summary\route.ts
FN:6,wibRange
FN:14,wibDateISO
FN:22,GET
FNF:3
FNH:0
FNDA:0,wibRange
FNDA:0,wibDateISO
FNDA:0,GET
DA:1,0
DA:2,0
DA:3,0
DA:7,0
DA:15,0
DA:17,0
DA:18,0
DA:19,0
DA:22,0
DA:23,0
DA:24,0
DA:25,0
DA:27,0
DA:28,0
DA:30,0
DA:45,0
DA:46,0
DA:47,0
DA:48,0
DA:51,0
DA:52,0
DA:53,0
DA:54,0
DA:56,0
DA:68,0
DA:77,0
DA:96,0
DA:97,0
LF:28
LH:0
BRDA:14,0,0,0
BRDA:45,1,0,0
BRDA:45,1,1,0
BRDA:46,2,0,0
BRDA:46,2,1,0
BRDA:48,3,0,0
BRDA:48,3,1,0
BRDA:72,4,0,0
BRDA:72,4,1,0
BRDA:73,5,0,0
BRDA:73,5,1,0
BRDA:73,6,0,0
BRDA:73,6,1,0
BRDA:86,7,0,0
BRDA:86,7,1,0
BRDA:89,8,0,0
BRDA:89,8,1,0
BRF:17
BRH:0
end_of_record
TN:
SF:app\api\expenses\route.ts
FN:6,GET
FN:30,POST
FNF:2
FNH:2
FNDA:3,GET
FNDA:4,POST
DA:1,1
DA:2,1
DA:3,1
DA:4,1
DA:6,1
DA:7,3
DA:8,3
DA:9,3
DA:11,3
DA:12,1
DA:13,1
DA:14,1
DA:15,1
DA:18,3
DA:24,2
DA:26,1
DA:30,1
DA:31,4
DA:32,4
DA:33,4
DA:34,1
DA:37,3
DA:39,3
DA:40,1
DA:42,2
DA:43,1
DA:46,1
DA:56,1
DA:58,0
LF:29
LH:28
BRDA:11,0,0,1
BRDA:11,0,1,2
BRDA:33,1,0,1
BRDA:33,1,1,3
BRDA:39,2,0,1
BRDA:39,2,1,2
BRDA:39,3,0,0
BRDA:39,3,1,3
BRDA:39,4,0,3
BRDA:39,4,1,3
BRDA:42,5,0,1
BRDA:42,5,1,1
BRDA:42,6,0,2
BRDA:42,6,1,1
BRDA:48,7,0,1
BRDA:48,7,1,0
BRF:16
BRH:14
end_of_record
TN:
SF:app\api\expenses\[id]\route.ts
FN:4,isSameDay
FN:10,PUT
FN:11,(anonymous_9)
FN:42,DELETE
FN:43,(anonymous_11)
FNF:5
FNH:0
FNDA:0,isSameDay
FNDA:0,PUT
FNDA:0,(anonymous_9)
FNDA:0,DELETE
FNDA:0,(anonymous_11)
DA:1,0
DA:2,0
DA:5,0
DA:10,0
DA:11,0
DA:14,0
DA:15,0
DA:16,0
DA:17,0
DA:19,0
DA:20,0
DA:23,0
DA:24,0
DA:25,0
DA:27,0
DA:28,0
DA:31,0
DA:36,0
DA:38,0
DA:42,0
DA:43,0
DA:46,0
DA:47,0
DA:48,0
DA:49,0
DA:51,0
DA:52,0
DA:54,0
DA:55,0
DA:57,0
LF:30
LH:0
BRDA:5,0,0,0
BRDA:5,0,1,0
BRDA:5,0,2,0
BRDA:16,1,0,0
BRDA:16,1,1,0
BRDA:19,2,0,0
BRDA:19,2,1,0
BRDA:24,3,0,0
BRDA:24,3,1,0
BRDA:24,4,0,0
BRDA:24,4,1,0
BRDA:24,5,0,0
BRDA:24,5,1,0
BRDA:27,6,0,0
BRDA:27,6,1,0
BRDA:27,7,0,0
BRDA:27,7,1,0
BRDA:48,8,0,0
BRDA:48,8,1,0
BRDA:51,9,0,0
BRDA:51,9,1,0
BRF:21
BRH:0
end_of_record
TN:
SF:app\api\expenses\total\route.ts
FN:5,GET
FNF:1
FNH:1
FNDA:2,GET
DA:1,1
DA:2,1
DA:3,1
DA:5,1
DA:6,2
DA:7,2
DA:8,2
DA:10,2
DA:11,1
DA:12,1
DA:13,1
DA:14,1
DA:17,2
DA:23,2
DA:31,0
LF:15
LH:14
BRDA:10,0,0,1
BRDA:10,0,1,1
BRDA:27,1,0,2
BRDA:27,1,1,1
BRF:4
BRH:4
end_of_record
TN:
SF:app\api\kitchen\notifications\route.ts
FN:4,GET
FNF:1
FNH:0
FNDA:0,GET
DA:1,0
DA:2,0
DA:4,0
DA:5,0
DA:6,0
DA:23,0
DA:25,0
LF:7
LH:0
BRF:0
BRH:0
end_of_record
TN:
SF:app\api\menu-items\route.ts
FN:5,GET
FN:27,POST
FNF:2
FNH:2
FNDA:3,GET
FNDA:6,POST
DA:1,1
DA:2,1
DA:3,1
DA:5,1
DA:6,3
DA:7,3
DA:9,3
DA:10,3
DA:12,3
DA:18,2
DA:20,1
DA:27,1
DA:28,6
DA:29,6
DA:30,6
DA:33,6
DA:34,1
DA:39,5
DA:40,1
DA:45,4
DA:46,1
DA:51,3
DA:52,1
DA:59,2
DA:62,2
DA:63,1
DA:69,1
DA:82,1
DA:84,0
LF:29
LH:28
BRDA:10,0,0,1
BRDA:10,0,1,2
BRDA:33,1,0,1
BRDA:33,1,1,5
BRDA:33,2,0,0
BRDA:33,2,1,6
BRDA:33,3,0,6
BRDA:33,3,1,6
BRDA:39,4,0,1
BRDA:39,4,1,4
BRDA:45,5,0,1
BRDA:45,5,1,3
BRDA:45,6,0,4
BRDA:45,6,1,3
BRDA:51,7,0,1
BRDA:51,7,1,2
BRDA:51,8,0,3
BRDA:51,8,1,2
BRDA:62,9,0,1
BRDA:62,9,1,1
BRDA:76,10,0,0
BRDA:76,10,1,1
BRDA:76,11,0,1
BRDA:76,11,1,1
BRDA:77,12,0,0
BRDA:77,12,1,1
BRDA:77,13,0,1
BRDA:77,13,1,1
BRF:28
BRH:25
end_of_record
TN:
SF:app\api\menu-items\[id]\route.ts
FN:4,PUT
FN:5,(anonymous_8)
FNF:2
FNH:2
FNDA:4,PUT
FNDA:4,(anonymous_8)
DA:1,1
DA:2,1
DA:4,1
DA:5,4
DA:8,4
DA:9,4
DA:10,4
DA:12,4
DA:13,1
DA:18,3
DA:19,1
DA:24,2
DA:25,0
DA:32,2
DA:33,2
DA:36,2
DA:37,1
DA:44,1
DA:45,1
DA:46,1
DA:47,1
DA:48,1
DA:49,1
DA:50,1
DA:52,1
DA:58,1
DA:60,0
LF:27
LH:25
BRDA:12,0,0,1
BRDA:12,0,1,3
BRDA:12,1,0,4
BRDA:12,1,1,3
BRDA:12,2,0,0
BRDA:12,2,1,3
BRDA:12,3,0,3
BRDA:12,3,1,3
BRDA:18,4,0,1
BRDA:18,4,1,2
BRDA:18,5,0,3
BRDA:18,5,1,1
BRDA:24,6,0,0
BRDA:24,6,1,2
BRDA:24,7,0,2
BRDA:24,7,1,0
BRDA:32,8,0,2
BRDA:32,8,1,0
BRDA:32,9,0,2
BRDA:32,9,1,2
BRDA:36,10,0,1
BRDA:36,10,1,1
BRDA:45,11,0,1
BRDA:45,11,1,0
BRDA:46,12,0,1
BRDA:46,12,1,0
BRDA:47,13,0,0
BRDA:47,13,1,1
BRDA:48,14,0,0
BRDA:48,14,1,1
BRDA:49,15,0,0
BRDA:49,15,1,1
BRDA:50,16,0,0
BRDA:50,16,1,1
BRF:34
BRH:24
end_of_record
TN:
SF:app\api\menu-items\reset-stock\route.ts
FN:6,POST
FN:23,(anonymous_9)
FN:26,(anonymous_10)
FN:26,(anonymous_11)
FN:57,(anonymous_12)
FNF:5
FNH:0
FNDA:0,POST
FNDA:0,(anonymous_9)
FNDA:0,(anonymous_10)
FNDA:0,(anonymous_11)
FNDA:0,(anonymous_12)
DA:1,0
DA:2,0
DA:6,0
DA:7,0
DA:8,0
DA:10,0
DA:11,0
DA:17,0
DA:22,0
DA:23,0
DA:26,0
DA:27,0
DA:28,0
DA:30,0
DA:39,0
DA:51,0
DA:57,0
DA:59,0
DA:64,0
DA:65,0
LF:20
LH:0
BRDA:10,0,0,0
BRDA:10,0,1,0
BRDA:10,1,0,0
BRDA:10,1,1,0
BRDA:23,2,0,0
BRDA:23,2,1,0
BRDA:23,3,0,0
BRDA:23,3,1,0
BRDA:28,4,0,0
BRDA:28,4,1,0
BRDA:28,5,0,0
BRDA:28,5,1,0
BRDA:35,6,0,0
BRDA:35,6,1,0
BRDA:44,7,0,0
BRDA:44,7,1,0
BRDA:57,8,0,0
BRDA:57,8,1,0
BRDA:57,9,0,0
BRDA:57,9,1,0
BRF:20
BRH:0
end_of_record
TN:
SF:app\api\menu\public\route.ts
FN:4,GET
FNF:1
FNH:0
FNDA:0,GET
DA:1,0
DA:2,0
DA:4,0
DA:5,0
DA:6,0
DA:23,0
DA:25,0
LF:7
LH:0
BRF:0
BRH:0
end_of_record
TN:
SF:app\api\modification-requests\route.ts
FN:6,GET
FNF:1
FNH:1
FNDA:1,GET
DA:1,1
DA:2,1
DA:6,1
DA:7,1
LF:4
LH:4
BRF:0
BRH:0
end_of_record
TN:
SF:app\api\modification-requests\[id]\approve\route.ts
FN:4,PUT
FNF:1
FNH:1
FNDA:1,PUT
DA:1,1
DA:4,1
DA:5,1
LF:3
LH:3
BRF:0
BRH:0
end_of_record
TN:
SF:app\api\modification-requests\[id]\reject\route.ts
FN:4,PUT
FNF:1
FNH:1
FNDA:1,PUT
DA:1,1
DA:4,1
DA:5,1
LF:3
LH:3
BRF:0
BRH:0
end_of_record
TN:
SF:app\api\notifications\route.ts
FN:5,GET
FNF:1
FNH:0
FNDA:0,GET
DA:1,0
DA:2,0
DA:3,0
DA:5,0
DA:6,0
DA:7,0
DA:9,0
DA:10,0
DA:11,0
DA:14,0
DA:24,0
DA:26,0
LF:12
LH:0
BRDA:10,0,0,0
BRDA:10,0,1,0
BRF:2
BRH:0
end_of_record
TN:
SF:app\api\orders\route.ts
FN:6,GET
FN:35,POST
FN:49,(anonymous_11)
FN:51,(anonymous_12)
FN:70,(anonymous_13)
FN:84,(anonymous_14)
FN:94,(anonymous_15)
FN:105,(anonymous_16)
FN:114,(anonymous_17)
FN:119,(anonymous_18)
FN:122,(anonymous_19)
FN:123,(anonymous_20)
FNF:12
FNH:7
FNDA:5,GET
FNDA:5,POST
FNDA:3,(anonymous_11)
FNDA:2,(anonymous_12)
FNDA:1,(anonymous_13)
FNDA:1,(anonymous_14)
FNDA:1,(anonymous_15)
FNDA:0,(anonymous_16)
FNDA:0,(anonymous_17)
FNDA:0,(anonymous_18)
FNDA:0,(anonymous_19)
FNDA:0,(anonymous_20)
DA:1,1
DA:2,1
DA:3,1
DA:4,1
DA:6,1
DA:7,5
DA:8,5
DA:9,5
DA:10,5
DA:11,5
DA:12,2
DA:13,1
DA:15,5
DA:16,1
DA:17,1
DA:18,1
DA:20,5
DA:29,4
DA:31,1
DA:35,1
DA:36,5
DA:37,5
DA:39,5
DA:40,2
DA:44,3
DA:45,3
DA:46,3
DA:49,3
DA:50,3
DA:51,3
DA:54,3
DA:55,3
DA:56,3
DA:57,2
DA:58,1
DA:63,1
DA:70,1
DA:84,1
DA:85,1
DA:86,1
DA:93,1
DA:94,1
DA:103,1
DA:104,1
DA:105,0
DA:106,0
DA:107,0
DA:108,0
DA:111,0
DA:112,0
DA:114,0
DA:119,0
DA:121,0
DA:122,0
DA:123,0
DA:125,0
DA:126,0
DA:131,1
DA:133,0
DA:134,0
LF:60
LH:45
BRDA:11,0,0,2
BRDA:11,0,1,3
BRDA:12,1,0,1
BRDA:12,1,1,1
BRDA:15,2,0,1
BRDA:15,2,1,4
BRDA:39,3,0,2
BRDA:39,3,1,3
BRDA:39,4,0,5
BRDA:39,4,1,5
BRDA:39,4,2,4
BRDA:39,5,0,0
BRDA:39,5,1,4
BRDA:39,6,0,4
BRDA:39,6,1,4
BRDA:56,7,0,1
BRDA:56,7,1,2
BRDA:57,8,0,1
BRDA:57,8,1,1
BRDA:67,9,0,1
BRDA:67,9,1,0
BRDA:104,10,0,0
BRDA:104,10,1,1
BRDA:104,11,0,1
BRDA:104,11,1,0
BRDA:111,12,0,0
BRDA:111,12,1,0
BRDA:125,13,0,0
BRDA:125,13,1,0
BRF:29
BRH:21
end_of_record
TN:
SF:app\api\orders\[id]\route.ts
FN:6,PUT
FN:7,(anonymous_8)
FN:35,(anonymous_9)
FN:36,(anonymous_10)
FN:62,(anonymous_11)
FN:63,(anonymous_12)
FN:68,(anonymous_13)
FN:70,(anonymous_14)
FN:70,(anonymous_15)
FNF:9
FNH:9
FNDA:5,PUT
FNDA:5,(anonymous_8)
FNDA:3,(anonymous_9)
FNDA:2,(anonymous_10)
FNDA:2,(anonymous_11)
FNDA:1,(anonymous_12)
FNDA:2,(anonymous_13)
FNDA:1,(anonymous_14)
FNDA:1,(anonymous_15)
DA:1,1
DA:2,1
DA:3,1
DA:4,1
DA:6,1
DA:7,5
DA:10,5
DA:11,5
DA:12,5
DA:14,5
DA:19,5
DA:20,1
DA:26,4
DA:27,1
DA:34,3
DA:35,3
DA:36,2
DA:39,2
DA:40,3
DA:41,1
DA:49,1
DA:50,1
DA:51,1
DA:52,1
DA:61,1
DA:62,2
DA:63,1
DA:65,1
DA:68,2
DA:70,1
DA:72,1
DA:73,2
DA:80,1
DA:83,1
DA:84,1
DA:86,1
DA:87,1
DA:88,0
DA:91,1
DA:100,1
DA:106,1
DA:107,1
DA:108,1
DA:109,0
DA:110,0
DA:111,0
DA:114,0
DA:115,0
DA:123,1
DA:129,1
DA:138,1
DA:140,0
LF:52
LH:45
BRDA:19,0,0,1
BRDA:19,0,1,4
BRDA:26,1,0,1
BRDA:26,1,1,3
BRDA:34,2,0,2
BRDA:34,2,1,1
BRDA:34,3,0,3
BRDA:34,3,1,3
BRDA:40,4,0,1
BRDA:40,4,1,2
BRDA:51,5,0,1
BRDA:51,5,1,0
BRDA:51,6,0,1
BRDA:51,6,1,1
BRDA:87,7,0,0
BRDA:87,7,1,1
BRDA:87,8,0,1
BRDA:87,8,1,1
BRDA:108,9,0,0
BRDA:108,9,1,1
BRDA:110,10,0,0
BRDA:110,10,1,0
BRDA:110,11,0,0
BRDA:110,11,1,0
BRDA:114,12,0,0
BRDA:114,12,1,0
BRDA:141,13,0,0
BRDA:141,13,1,0
BRF:28
BRH:17
end_of_record
TN:
SF:app\api\orders\[id]\add-item\route.ts
FN:4,POST
FN:5,(anonymous_8)
FN:28,(anonymous_9)
FN:30,(anonymous_10)
FN:30,(anonymous_11)
FNF:5
FNH:0
FNDA:0,POST
FNDA:0,(anonymous_8)
FNDA:0,(anonymous_9)
FNDA:0,(anonymous_10)
FNDA:0,(anonymous_11)
DA:1,0
DA:2,0
DA:4,0
DA:5,0
DA:8,0
DA:9,0
DA:10,0
DA:11,0
DA:14,0
DA:15,0
DA:16,0
DA:19,0
DA:20,0
DA:21,0
DA:23,0
DA:24,0
DA:28,0
DA:30,0
DA:31,0
DA:32,0
DA:37,0
DA:41,0
DA:47,0
DA:49,0
LF:24
LH:0
BRDA:10,0,0,0
BRDA:10,0,1,0
BRDA:10,1,0,0
BRDA:10,1,1,0
BRDA:10,1,2,0
BRDA:15,2,0,0
BRDA:15,2,1,0
BRDA:15,3,0,0
BRDA:15,3,1,0
BRDA:20,4,0,0
BRDA:20,4,1,0
BRDA:20,5,0,0
BRDA:20,5,1,0
BRDA:23,6,0,0
BRDA:23,6,1,0
BRDA:31,7,0,0
BRDA:31,7,1,0
BRF:17
BRH:0
end_of_record
TN:
SF:app\api\orders\[id]\cancel\route.ts
FN:6,PUT
FN:7,(anonymous_8)
FN:34,(anonymous_9)
FN:34,(anonymous_10)
FNF:4
FNH:0
FNDA:0,PUT
FNDA:0,(anonymous_8)
FNDA:0,(anonymous_9)
FNDA:0,(anonymous_10)
DA:1,0
DA:2,0
DA:3,0
DA:4,0
DA:6,0
DA:7,0
DA:10,0
DA:11,0
DA:12,0
DA:13,0
DA:15,0
DA:16,0
DA:22,0
DA:27,0
DA:28,0
DA:30,0
DA:31,0
DA:34,0
DA:35,0
DA:36,0
DA:40,0
DA:49,0
DA:55,0
DA:57,0
LF:24
LH:0
BRDA:12,0,0,0
BRDA:12,0,1,0
BRDA:15,1,0,0
BRDA:15,1,1,0
BRDA:27,2,0,0
BRDA:27,2,1,0
BRDA:30,3,0,0
BRDA:30,3,1,0
BRF:8
BRH:0
end_of_record
TN:
SF:app\api\orders\[id]\confirm\route.ts
FN:4,PUT
FN:5,(anonymous_8)
FN:24,(anonymous_9)
FN:26,(anonymous_10)
FN:38,(anonymous_11)
FN:38,(anonymous_12)
FNF:6
FNH:0
FNDA:0,PUT
FNDA:0,(anonymous_8)
FNDA:0,(anonymous_9)
FNDA:0,(anonymous_10)
FNDA:0,(anonymous_11)
FNDA:0,(anonymous_12)
DA:1,0
DA:2,0
DA:4,0
DA:5,0
DA:8,0
DA:9,0
DA:14,0
DA:15,0
DA:18,0
DA:19,0
DA:23,0
DA:24,0
DA:26,0
DA:28,0
DA:29,0
DA:30,0
DA:31,0
DA:38,0
DA:40,0
DA:46,0
DA:47,0
DA:48,0
DA:50,0
DA:55,0
DA:65,0
DA:66,0
DA:67,0
DA:68,0
DA:69,0
DA:72,0
DA:73,0
DA:82,0
DA:84,0
LF:33
LH:0
BRDA:14,0,0,0
BRDA:14,0,1,0
BRDA:18,1,0,0
BRDA:18,1,1,0
BRDA:30,2,0,0
BRDA:30,2,1,0
BRDA:30,3,0,0
BRDA:30,3,1,0
BRDA:32,4,0,0
BRDA:32,4,1,0
BRDA:32,5,0,0
BRDA:32,5,1,0
BRDA:32,6,0,0
BRDA:32,6,1,0
BRDA:32,7,0,0
BRDA:32,7,1,0
BRDA:32,8,0,0
BRDA:32,8,1,0
BRDA:32,9,0,0
BRDA:32,9,1,0
BRDA:66,10,0,0
BRDA:66,10,1,0
BRDA:68,11,0,0
BRDA:68,11,1,0
BRDA:68,12,0,0
BRDA:68,12,1,0
BRDA:72,13,0,0
BRDA:72,13,1,0
BRDA:85,14,0,0
BRDA:85,14,1,0
BRF:30
BRH:0
end_of_record
TN:
SF:app\api\orders\[id]\modification-request\route.ts
FN:4,POST
FNF:1
FNH:0
FNDA:0,POST
DA:1,0
DA:4,0
DA:5,0
LF:3
LH:0
BRF:0
BRH:0
end_of_record
TN:
SF:app\api\orders\[id]\reject\route.ts
FN:4,PUT
FN:5,(anonymous_8)
FNF:2
FNH:0
FNDA:0,PUT
FNDA:0,(anonymous_8)
DA:1,0
DA:2,0
DA:4,0
DA:5,0
DA:8,0
DA:9,0
DA:11,0
DA:12,0
DA:13,0
DA:15,0
DA:16,0
DA:19,0
DA:27,0
DA:29,0
LF:14
LH:0
BRDA:12,0,0,0
BRDA:12,0,1,0
BRDA:15,1,0,0
BRDA:15,1,1,0
BRDA:23,2,0,0
BRDA:23,2,1,0
BRDA:23,3,0,0
BRDA:23,3,1,0
BRDA:23,4,0,0
BRDA:23,4,1,0
BRF:10
BRH:0
end_of_record
TN:
SF:app\api\orders\[id]\split-pay\route.ts
FN:5,POST
FN:12,GET
FNF:2
FNH:2
FNDA:1,POST
FNDA:1,GET
DA:1,1
DA:5,1
DA:6,1
DA:12,1
DA:13,1
LF:5
LH:5
BRF:0
BRH:0
end_of_record
TN:
SF:app\api\orders\[id]\split-plan\route.ts
FN:6,GET
FN:10,PUT
FNF:2
FNH:2
FNDA:1,GET
FNDA:1,PUT
DA:1,1
DA:2,1
DA:6,1
DA:7,1
DA:10,1
DA:11,1
LF:6
LH:6
BRF:0
BRH:0
end_of_record
TN:
SF:app\api\orders\[id]\status\route.ts
FN:4,GET
FN:5,(anonymous_8)
FNF:2
FNH:0
FNDA:0,GET
FNDA:0,(anonymous_8)
DA:1,0
DA:2,0
DA:4,0
DA:5,0
DA:8,0
DA:9,0
DA:28,0
DA:29,0
DA:32,0
DA:34,0
LF:10
LH:0
BRDA:28,0,0,0
BRDA:28,0,1,0
BRF:2
BRH:0
end_of_record
TN:
SF:app\api\orders\online\route.ts
FN:10,checkRateLimit
FN:22,POST
FN:57,(anonymous_10)
FN:61,(anonymous_11)
FN:98,(anonymous_12)
FNF:5
FNH:0
FNDA:0,checkRateLimit
FNDA:0,POST
FNDA:0,(anonymous_10)
FNDA:0,(anonymous_11)
FNDA:0,(anonymous_12)
DA:1,0
DA:2,0
DA:3,0
DA:6,0
DA:7,0
DA:8,0
DA:11,0
DA:12,0
DA:13,0
DA:14,0
DA:15,0
DA:17,0
DA:18,0
DA:19,0
DA:22,0
DA:23,0
DA:25,0
DA:26,0
DA:27,0
DA:33,0
DA:35,0
DA:36,0
DA:42,0
DA:43,0
DA:49,0
DA:50,0
DA:57,0
DA:58,0
DA:61,0
DA:63,0
DA:64,0
DA:65,0
DA:66,0
DA:71,0
DA:72,0
DA:80,0
DA:81,0
DA:82,0
DA:85,0
DA:89,0
DA:98,0
DA:110,0
DA:112,0
DA:113,0
LF:44
LH:0
BRDA:13,0,0,0
BRDA:13,0,1,0
BRDA:13,1,0,0
BRDA:13,1,1,0
BRDA:17,2,0,0
BRDA:17,2,1,0
BRDA:25,3,0,0
BRDA:25,3,1,0
BRDA:26,4,0,0
BRDA:26,4,1,0
BRDA:35,5,0,0
BRDA:35,5,1,0
BRDA:35,6,0,0
BRDA:35,6,1,0
BRDA:35,7,0,0
BRDA:35,7,1,0
BRDA:35,8,0,0
BRDA:35,8,1,0
BRDA:42,9,0,0
BRDA:42,9,1,0
BRDA:42,10,0,0
BRDA:42,10,1,0
BRDA:49,11,0,0
BRDA:49,11,1,0
BRDA:65,12,0,0
BRDA:65,12,1,0
BRDA:71,13,0,0
BRDA:71,13,1,0
BRDA:96,14,0,0
BRDA:96,14,1,0
BRDA:96,15,0,0
BRDA:96,15,1,0
BRDA:96,16,0,0
BRDA:96,16,1,0
BRF:34
BRH:0
end_of_record
TN:
SF:app\api\pos\init\route.ts
FN:5,GET
FNF:1
FNH:0
FNDA:0,GET
DA:1,0
DA:2,0
DA:3,0
DA:5,0
DA:6,0
DA:7,0
DA:8,0
DA:10,0
DA:31,0
DA:36,0
LF:10
LH:0
BRF:0
BRH:0
end_of_record
TN:
SF:app\api\reports\daily\route.ts
FN:5,GET
FN:50,(anonymous_9)
FN:51,(anonymous_10)
FNF:3
FNH:0
FNDA:0,GET
FNDA:0,(anonymous_9)
FNDA:0,(anonymous_10)
DA:1,0
DA:2,0
DA:3,0
DA:5,0
DA:6,0
DA:7,0
DA:8,0
DA:9,0
DA:10,0
DA:12,0
DA:14,0
DA:29,0
DA:35,0
DA:36,0
DA:38,0
DA:50,0
DA:51,0
DA:56,0
LF:18
LH:0
BRDA:8,0,0,0
BRDA:8,0,1,0
BRDA:35,1,0,0
BRDA:35,1,1,0
BRDA:44,2,0,0
BRDA:44,2,1,0
BRDA:45,3,0,0
BRDA:45,3,1,0
BRDA:46,4,0,0
BRDA:46,4,1,0
BRDA:47,5,0,0
BRDA:47,5,1,0
BRDA:48,6,0,0
BRDA:48,6,1,0
BRF:14
BRH:0
end_of_record
TN:
SF:app\api\reports\export\route.ts
FN:5,GET
FN:31,(anonymous_9)
FN:55,(anonymous_10)
FN:90,(anonymous_11)
FN:94,(anonymous_12)
FN:101,(anonymous_13)
FNF:6
FNH:0
FNDA:0,GET
FNDA:0,(anonymous_9)
FNDA:0,(anonymous_10)
FNDA:0,(anonymous_11)
FNDA:0,(anonymous_12)
FNDA:0,(anonymous_13)
DA:1,0
DA:2,0
DA:3,0
DA:5,0
DA:6,0
DA:7,0
DA:8,0
DA:9,0
DA:12,0
DA:13,0
DA:14,0
DA:17,0
DA:26,0
DA:31,0
DA:34,0
DA:41,0
DA:42,0
DA:43,0
DA:44,0
DA:45,0
DA:46,0
DA:47,0
DA:49,0
DA:55,0
DA:58,0
DA:71,0
DA:73,0
DA:90,0
DA:94,0
DA:101,0
DA:106,0
LF:31
LH:0
BRDA:8,0,0,0
BRDA:8,0,1,0
BRDA:45,1,0,0
BRDA:45,1,1,0
BRDA:71,2,0,0
BRDA:71,2,1,0
BRDA:83,3,0,0
BRDA:83,3,1,0
BRDA:84,4,0,0
BRDA:84,4,1,0
BRDA:85,5,0,0
BRDA:85,5,1,0
BRDA:86,6,0,0
BRDA:86,6,1,0
BRDA:96,7,0,0
BRDA:96,7,1,0
BRDA:97,8,0,0
BRDA:97,8,1,0
BRDA:99,9,0,0
BRDA:99,9,1,0
BRDA:99,10,0,0
BRDA:99,10,1,0
BRDA:99,11,0,0
BRDA:99,11,1,0
BRF:24
BRH:0
end_of_record
TN:
SF:app\api\reports\menu-sales\route.ts
FN:5,GET
FN:51,(anonymous_9)
FN:53,(anonymous_10)
FN:54,(anonymous_11)
FNF:4
FNH:0
FNDA:0,GET
FNDA:0,(anonymous_9)
FNDA:0,(anonymous_10)
FNDA:0,(anonymous_11)
DA:1,0
DA:2,0
DA:3,0
DA:5,0
DA:6,0
DA:7,0
DA:8,0
DA:9,0
DA:10,0
DA:13,0
DA:28,0
DA:33,0
DA:34,0
DA:35,0
DA:36,0
DA:37,0
DA:38,0
DA:40,0
DA:50,0
DA:51,0
DA:53,0
DA:54,0
DA:56,0
DA:61,0
LF:24
LH:0
BRDA:8,0,0,0
BRDA:8,0,1,0
BRDA:36,1,0,0
BRDA:36,1,1,0
BRF:4
BRH:0
end_of_record
TN:
SF:app\api\reports\profit\route.ts
FN:5,GET
FNF:1
FNH:0
FNDA:0,GET
DA:1,0
DA:2,0
DA:3,0
DA:5,0
DA:6,0
DA:7,0
DA:8,0
DA:9,0
DA:10,0
DA:12,0
DA:25,0
DA:26,0
DA:27,0
DA:29,0
DA:42,0
LF:15
LH:0
BRDA:8,0,0,0
BRDA:8,0,1,0
BRDA:25,1,0,0
BRDA:25,1,1,0
BRDA:26,2,0,0
BRDA:26,2,1,0
BRF:6
BRH:0
end_of_record
TN:
SF:app\api\reports\profit\weekly\route.ts
FN:4,wibDayRange
FN:15,GET
FNF:2
FNH:0
FNDA:0,wibDayRange
FNDA:0,GET
DA:1,0
DA:2,0
DA:5,0
DA:6,0
DA:7,0
DA:8,0
DA:15,0
DA:16,0
DA:17,0
DA:19,0
DA:20,0
DA:22,0
DA:33,0
DA:34,0
DA:36,0
DA:47,0
DA:49,0
DA:50,0
LF:18
LH:0
BRDA:33,0,0,0
BRDA:33,0,1,0
BRDA:34,1,0,0
BRDA:34,1,1,0
BRF:4
BRH:0
end_of_record
TN:
SF:app\api\reports\range\route.ts
FN:6,toWIBKey
FN:10,fmtDate
FN:16,GET
FN:96,(anonymous_11)
FN:104,(anonymous_12)
FN:106,(anonymous_13)
FN:107,(anonymous_14)
FN:108,(anonymous_15)
FN:121,(anonymous_16)
FN:130,(anonymous_17)
FN:133,(anonymous_18)
FN:160,(anonymous_19)
FNF:12
FNH:0
FNDA:0,toWIBKey
FNDA:0,fmtDate
FNDA:0,GET
FNDA:0,(anonymous_11)
FNDA:0,(anonymous_12)
FNDA:0,(anonymous_13)
FNDA:0,(anonymous_14)
FNDA:0,(anonymous_15)
FNDA:0,(anonymous_16)
FNDA:0,(anonymous_17)
FNDA:0,(anonymous_18)
FNDA:0,(anonymous_19)
DA:1,0
DA:2,0
DA:3,0
DA:7,0
DA:11,0
DA:16,0
DA:17,0
DA:18,0
DA:19,0
DA:20,0
DA:22,0
DA:23,0
DA:27,0
DA:28,0
DA:30,0
DA:51,0
DA:52,0
DA:53,0
DA:55,0
DA:62,0
DA:63,0
DA:64,0
DA:65,0
DA:66,0
DA:67,0
DA:70,0
DA:71,0
DA:72,0
DA:74,0
DA:75,0
DA:76,0
DA:77,0
DA:78,0
DA:80,0
DA:81,0
DA:83,0
DA:84,0
DA:87,0
DA:88,0
DA:89,0
DA:90,0
DA:91,0
DA:92,0
DA:95,0
DA:96,0
DA:104,0
DA:106,0
DA:107,0
DA:108,0
DA:111,0
DA:112,0
DA:113,0
DA:114,0
DA:115,0
DA:116,0
DA:117,0
DA:121,0
DA:130,0
DA:133,0
DA:140,0
DA:160,0
DA:166,0
DA:167,0
LF:63
LH:0
BRDA:22,0,0,0
BRDA:22,0,1,0
BRDA:22,1,0,0
BRDA:22,1,1,0
BRDA:77,2,0,0
BRDA:77,2,1,0
BRDA:80,3,0,0
BRDA:80,3,1,0
BRDA:83,4,0,0
BRDA:83,4,1,0
BRDA:91,5,0,0
BRDA:91,5,1,0
BRDA:107,6,0,0
BRDA:107,6,1,0
BRDA:107,7,0,0
BRDA:107,7,1,0
BRDA:108,8,0,0
BRDA:108,8,1,0
BRDA:108,9,0,0
BRDA:108,9,1,0
BRDA:116,10,0,0
BRDA:116,10,1,0
BRDA:126,11,0,0
BRDA:126,11,1,0
BRDA:127,12,0,0
BRDA:127,12,1,0
BRDA:129,13,0,0
BRDA:129,13,1,0
BRDA:129,14,0,0
BRDA:129,14,1,0
BRDA:129,15,0,0
BRDA:129,15,1,0
BRDA:137,16,0,0
BRDA:137,16,1,0
BRDA:137,17,0,0
BRDA:137,17,1,0
BRDA:137,18,0,0
BRDA:137,18,1,0
BRDA:145,19,0,0
BRDA:145,19,1,0
BRDA:154,20,0,0
BRDA:154,20,1,0
BRDA:155,21,0,0
BRDA:155,21,1,0
BRDA:156,22,0,0
BRDA:156,22,1,0
BRDA:156,23,0,0
BRDA:156,23,1,0
BRF:48
BRH:0
end_of_record
TN:
SF:app\api\reports\weekly\route.ts
FN:4,wibDayRange
FN:15,GET
FNF:2
FNH:0
FNDA:0,wibDayRange
FNDA:0,GET
DA:1,0
DA:2,0
DA:5,0
DA:6,0
DA:7,0
DA:8,0
DA:15,0
DA:16,0
DA:17,0
DA:19,0
DA:20,0
DA:22,0
DA:27,0
DA:36,0
DA:38,0
DA:39,0
LF:16
LH:0
BRDA:31,0,0,0
BRDA:31,0,1,0
BRF:2
BRH:0
end_of_record
TN:
SF:app\api\settings\route.ts
FN:19,GET
FN:23,PUT
FNF:2
FNH:0
FNDA:0,GET
FNDA:0,PUT
DA:1,0
DA:8,0
DA:17,0
DA:19,0
DA:20,0
DA:23,0
DA:24,0
DA:25,0
DA:26,0
DA:27,0
DA:29,0
LF:11
LH:0
BRF:0
BRH:0
end_of_record
TN:
SF:app\api\stock\route.ts
FN:5,GET
FNF:1
FNH:1
FNDA:3,GET
DA:1,1
DA:2,1
DA:3,1
DA:5,1
DA:6,3
DA:7,3
DA:9,3
DA:10,3
DA:12,3
DA:18,2
DA:20,1
LF:11
LH:11
BRDA:10,0,0,1
BRDA:10,0,1,2
BRF:2
BRH:2
end_of_record
TN:
SF:app\api\stock\[menuItemId]\route.ts
FN:4,PUT
FN:5,(anonymous_8)
FN:29,(anonymous_9)
FN:29,(anonymous_10)
FNF:4
FNH:0
FNDA:0,PUT
FNDA:0,(anonymous_8)
FNDA:0,(anonymous_9)
FNDA:0,(anonymous_10)
DA:1,0
DA:2,0
DA:4,0
DA:5,0
DA:8,0
DA:9,0
DA:11,0
DA:12,0
DA:18,0
DA:22,0
DA:23,0
DA:29,0
DA:31,0
DA:38,0
DA:48,0
DA:59,0
DA:62,0
DA:64,0
LF:18
LH:0
BRDA:11,0,0,0
BRDA:11,0,1,0
BRDA:11,1,0,0
BRDA:11,1,1,0
BRDA:22,2,0,0
BRDA:22,2,1,0
BRDA:43,3,0,0
BRDA:43,3,1,0
BRF:8
BRH:0
end_of_record
TN:
SF:app\api\stock\logs\route.ts
FN:5,GET
FNF:1
FNH:0
FNDA:0,GET
DA:1,0
DA:2,0
DA:3,0
DA:5,0
DA:6,0
DA:7,0
DA:8,0
DA:10,0
DA:12,0
DA:13,0
DA:14,0
DA:15,0
DA:16,0
DA:17,0
DA:20,0
DA:21,0
DA:24,0
DA:33,0
DA:35,0
LF:19
LH:0
BRDA:12,0,0,0
BRDA:12,0,1,0
BRDA:20,1,0,0
BRDA:20,1,1,0
BRF:4
BRH:0
end_of_record
TN:
SF:app\api\stock\reset\route.ts
FN:4,POST
FN:21,(anonymous_9)
FN:24,(anonymous_10)
FN:24,(anonymous_11)
FN:54,(anonymous_12)
FNF:5
FNH:0
FNDA:0,POST
FNDA:0,(anonymous_9)
FNDA:0,(anonymous_10)
FNDA:0,(anonymous_11)
FNDA:0,(anonymous_12)
DA:1,0
DA:2,0
DA:4,0
DA:5,0
DA:6,0
DA:8,0
DA:9,0
DA:15,0
DA:20,0
DA:21,0
DA:24,0
DA:25,0
DA:26,0
DA:28,0
DA:36,0
DA:48,0
DA:54,0
DA:56,0
DA:61,0
LF:19
LH:0
BRDA:8,0,0,0
BRDA:8,0,1,0
BRDA:8,1,0,0
BRDA:8,1,1,0
BRDA:21,2,0,0
BRDA:21,2,1,0
BRDA:21,3,0,0
BRDA:21,3,1,0
BRDA:26,4,0,0
BRDA:26,4,1,0
BRDA:26,5,0,0
BRDA:26,5,1,0
BRDA:32,6,0,0
BRDA:32,6,1,0
BRDA:41,7,0,0
BRDA:41,7,1,0
BRDA:54,8,0,0
BRDA:54,8,1,0
BRDA:54,9,0,0
BRDA:54,9,1,0
BRF:20
BRH:0
end_of_record
TN:
SF:app\api\transactions\route.ts
FN:5,GET
FN:55,POST
FN:94,(anonymous_11)
FN:112,(anonymous_12)
FN:112,(anonymous_13)
FNF:5
FNH:5
FNDA:6,GET
FNDA:7,POST
FNDA:3,(anonymous_11)
FNDA:2,(anonymous_12)
FNDA:2,(anonymous_13)
DA:1,1
DA:2,1
DA:3,1
DA:5,1
DA:6,6
DA:7,6
DA:8,6
DA:9,6
DA:11,6
DA:12,6
DA:14,6
DA:15,1
DA:16,1
DA:17,1
DA:18,1
DA:21,6
DA:22,1
DA:25,6
DA:26,1
DA:29,6
DA:45,5
DA:47,1
DA:48,1
DA:55,1
DA:56,7
DA:57,7
DA:59,7
DA:60,1
DA:67,6
DA:72,6
DA:73,1
DA:79,5
DA:80,1
DA:86,4
DA:87,1
DA:93,3
DA:94,3
DA:99,3
DA:100,2
DA:101,1
DA:109,2
DA:112,2
DA:114,2
DA:119,2
DA:120,0
DA:124,2
DA:130,2
DA:148,2
DA:151,2
DA:153,0
LF:50
LH:48
BRDA:14,0,0,1
BRDA:14,0,1,5
BRDA:21,1,0,1
BRDA:21,1,1,5
BRDA:21,2,0,6
BRDA:21,2,1,1
BRDA:25,3,0,1
BRDA:25,3,1,5
BRDA:25,4,0,6
BRDA:25,4,1,2
BRDA:32,5,0,1
BRDA:32,5,1,5
BRDA:59,6,0,1
BRDA:59,6,1,6
BRDA:59,7,0,7
BRDA:59,7,1,6
BRDA:72,8,0,1
BRDA:72,8,1,5
BRDA:79,9,0,1
BRDA:79,9,1,4
BRDA:79,10,0,5
BRDA:79,10,1,4
BRDA:86,11,0,1
BRDA:86,11,1,3
BRDA:99,12,0,2
BRDA:99,12,1,1
BRDA:100,13,0,1
BRDA:100,13,1,1
BRDA:100,14,0,2
BRDA:100,14,1,2
BRDA:109,15,0,1
BRDA:109,15,1,1
BRDA:109,16,0,1
BRDA:109,16,1,0
BRDA:119,17,0,0
BRDA:119,17,1,2
BRDA:119,18,0,0
BRDA:119,18,1,2
BRDA:119,19,0,2
BRDA:119,19,1,2
BRDA:135,20,0,1
BRDA:135,20,1,1
BRDA:136,21,0,1
BRDA:136,21,1,1
BRDA:154,22,0,0
BRDA:154,22,1,0
BRF:46
BRH:41
end_of_record
TN:
SF:app\api\transactions\[id]\route.ts
FN:4,GET
FN:5,(anonymous_8)
FNF:2
FNH:2
FNDA:2,GET
FNDA:2,(anonymous_8)
DA:1,1
DA:2,1
DA:4,1
DA:5,2
DA:8,2
DA:9,2
DA:21,2
DA:22,1
DA:28,1
DA:30,0
LF:10
LH:9
BRDA:21,0,0,1
BRDA:21,0,1,1
BRF:2
BRH:2
end_of_record
TN:
SF:app\api\transactions\[id]\receipt\route.ts
FN:4,GET
FN:5,(anonymous_8)
FN:44,(anonymous_9)
FNF:3
FNH:0
FNDA:0,GET
FNDA:0,(anonymous_8)
FNDA:0,(anonymous_9)
DA:1,0
DA:2,0
DA:4,0
DA:5,0
DA:8,0
DA:9,0
DA:21,0
DA:22,0
DA:28,0
DA:30,0
DA:44,0
DA:56,0
DA:58,0
LF:13
LH:0
BRDA:21,0,0,0
BRDA:21,0,1,0
BRDA:43,1,0,0
BRDA:43,1,1,0
BRDA:43,2,0,0
BRDA:43,2,1,0
BRDA:43,3,0,0
BRDA:43,3,1,0
BRF:8
BRH:0
end_of_record
TN:
SF:app\api\transactions\[id]\void\route.ts
FN:6,POST
FN:7,(anonymous_8)
FN:60,(anonymous_9)
FN:60,(anonymous_10)
FNF:4
FNH:0
FNDA:0,POST
FNDA:0,(anonymous_8)
FNDA:0,(anonymous_9)
FNDA:0,(anonymous_10)
DA:1,0
DA:2,0
DA:3,0
DA:4,0
DA:6,0
DA:7,0
DA:10,0
DA:11,0
DA:12,0
DA:13,0
DA:19,0
DA:20,0
DA:21,0
DA:27,0
DA:34,0
DA:35,0
DA:42,0
DA:43,0
DA:44,0
DA:45,0
DA:46,0
DA:47,0
DA:53,0
DA:54,0
DA:60,0
DA:62,0
DA:63,0
DA:68,0
DA:79,0
DA:85,0
DA:90,0
DA:92,0
LF:32
LH:0
BRDA:12,0,0,0
BRDA:12,0,1,0
BRDA:12,1,0,0
BRDA:12,1,1,0
BRDA:20,2,0,0
BRDA:20,2,1,0
BRDA:20,3,0,0
BRDA:20,3,1,0
BRDA:20,4,0,0
BRDA:20,4,1,0
BRDA:34,5,0,0
BRDA:34,5,1,0
BRDA:46,6,0,0
BRDA:46,6,1,0
BRDA:53,7,0,0
BRDA:53,7,1,0
BRDA:93,8,0,0
BRDA:93,8,1,0
BRF:18
BRH:0
end_of_record
TN:
SF:app\api\transactions\summary\route.ts
FN:5,GET
FNF:1
FNH:1
FNDA:3,GET
DA:1,1
DA:2,1
DA:3,1
DA:5,1
DA:6,3
DA:7,3
DA:9,3
DA:10,3
DA:11,1
DA:12,1
DA:13,1
DA:14,1
DA:17,3
DA:35,2
DA:47,1
LF:15
LH:15
BRDA:10,0,0,1
BRDA:10,0,1,2
BRDA:39,1,0,2
BRDA:39,1,1,0
BRDA:41,2,0,2
BRDA:41,2,1,0
BRDA:43,3,0,2
BRDA:43,3,1,0
BRF:8
BRH:5
end_of_record
TN:
SF:app\api\upload\route.ts
FN:4,POST
FNF:1
FNH:0
FNDA:0,POST
DA:1,0
DA:2,0
DA:4,0
DA:5,0
DA:6,0
DA:8,0
DA:9,0
DA:16,0
DA:17,0
DA:24,0
DA:25,0
DA:31,0
DA:36,0
DA:38,0
LF:14
LH:0
BRDA:8,0,0,0
BRDA:8,0,1,0
BRDA:8,1,0,0
BRDA:8,1,1,0
BRDA:16,2,0,0
BRDA:16,2,1,0
BRDA:24,3,0,0
BRDA:24,3,1,0
BRF:8
BRH:0
end_of_record
TN:
SF:app\api\users\route.ts
FN:5,GET
FN:19,POST
FNF:2
FNH:2
FNDA:3,GET
FNDA:6,POST
DA:1,1
DA:2,1
DA:3,1
DA:5,1
DA:6,3
DA:7,3
DA:8,3
DA:13,2
DA:15,1
DA:19,1
DA:20,6
DA:21,6
DA:22,6
DA:23,5
DA:24,4
DA:25,3
DA:27,2
DA:28,2
DA:30,1
DA:34,1
DA:36,0
LF:21
LH:20
BRDA:9,0,0,1
BRDA:9,0,1,2
BRDA:22,1,0,1
BRDA:22,1,1,5
BRDA:22,2,0,0
BRDA:22,2,1,6
BRDA:22,3,0,6
BRDA:22,3,1,6
BRDA:23,4,0,1
BRDA:23,4,1,4
BRDA:23,5,0,0
BRDA:23,5,1,5
BRDA:23,6,0,5
BRDA:23,6,1,5
BRDA:24,7,0,1
BRDA:24,7,1,3
BRDA:25,8,0,1
BRDA:25,8,1,2
BRDA:28,9,0,1
BRDA:28,9,1,1
BRF:20
BRH:18
end_of_record
TN:
SF:app\api\users\[id]\route.ts
FN:4,PUT
FN:5,(anonymous_8)
FNF:2
FNH:0
FNDA:0,PUT
FNDA:0,(anonymous_8)
DA:1,0
DA:2,0
DA:4,0
DA:5,0
DA:8,0
DA:9,0
DA:10,0
DA:12,0
DA:13,0
DA:14,0
DA:15,0
DA:18,0
DA:19,0
DA:21,0
DA:22,0
DA:23,0
DA:25,0
DA:26,0
DA:28,0
DA:34,0
DA:36,0
LF:21
LH:0
BRDA:13,0,0,0
BRDA:13,0,1,0
BRDA:14,1,0,0
BRDA:14,1,1,0
BRDA:18,2,0,0
BRDA:18,2,1,0
BRDA:21,3,0,0
BRDA:21,3,1,0
BRDA:22,4,0,0
BRDA:22,4,1,0
BRDA:25,5,0,0
BRDA:25,5,1,0
BRDA:26,6,0,0
BRDA:26,6,1,0
BRF:14
BRH:0
end_of_record
TN:
SF:lib\analytics.ts
FN:1,parseDateRange
FN:9,getPreviousPeriod
FNF:2
FNH:2
FNDA:11,parseDateRange
FNDA:6,getPreviousPeriod
DA:1,2
DA:2,11
DA:3,11
DA:4,11
DA:5,11
DA:6,11
DA:9,2
DA:10,6
DA:11,6
DA:12,6
DA:13,6
DA:14,6
DA:15,6
LF:13
LH:13
BRDA:2,0,0,7
BRDA:2,0,1,4
BRDA:4,1,0,7
BRDA:4,1,1,4
BRF:4
BRH:4
end_of_record
TN:
SF:lib\auth.ts
FN:8,getSecret
FN:21,createSession
FN:39,getSession
FN:51,getSessionFromRequest
FN:65,destroySession
FN:75,getRoleRedirect
FNF:6
FNH:0
FNDA:0,getSecret
FNDA:0,createSession
FNDA:0,getSession
FNDA:0,getSessionFromRequest
FNDA:0,destroySession
FNDA:0,getRoleRedirect
DA:1,0
DA:2,0
DA:5,0
DA:6,0
DA:9,0
DA:10,0
DA:11,0
DA:21,0
DA:22,0
DA:23,0
DA:28,0
DA:36,0
DA:39,0
DA:40,0
DA:41,0
DA:43,0
DA:44,0
DA:45,0
DA:47,0
DA:51,0
DA:54,0
DA:55,0
DA:57,0
DA:58,0
DA:59,0
DA:61,0
DA:65,0
DA:66,0
DA:75,0
DA:76,0
DA:79,0
DA:81,0
DA:83,0
DA:85,0
LF:34
LH:0
BRDA:10,0,0,0
BRDA:10,0,1,0
BRDA:40,1,0,0
BRDA:40,1,1,0
BRDA:40,2,0,0
BRDA:40,2,1,0
BRDA:41,3,0,0
BRDA:41,3,1,0
BRDA:54,4,0,0
BRDA:54,4,1,0
BRDA:54,5,0,0
BRDA:54,5,1,0
BRDA:55,6,0,0
BRDA:55,6,1,0
BRDA:76,7,0,0
BRDA:76,7,1,0
BRDA:76,7,2,0
BRDA:76,7,3,0
BRDA:76,7,4,0
BRF:19
BRH:0
end_of_record
TN:
SF:lib\cache.ts
FN:3,cachedFetch
FN:3,(anonymous_8)
FN:18,invalidateCache
FNF:3
FNH:0
FNDA:0,cachedFetch
FNDA:0,(anonymous_8)
FNDA:0,invalidateCache
DA:1,0
DA:3,0
DA:4,0
DA:5,0
DA:7,0
DA:8,0
DA:11,0
DA:12,0
DA:14,0
DA:15,0
DA:18,0
DA:19,0
DA:20,0
DA:21,0
DA:23,0
DA:24,0
LF:16
LH:0
BRDA:3,0,0,0
BRDA:7,1,0,0
BRDA:7,1,1,0
BRDA:7,2,0,0
BRDA:7,2,1,0
BRDA:19,3,0,0
BRDA:19,3,1,0
BRDA:24,4,0,0
BRDA:24,4,1,0
BRF:9
BRH:0
end_of_record
TN:
SF:lib\escpos.ts
FN:29,encode
FN:38,padRow
FN:43,centerText
FN:48,separator
FN:52,fmtRp
FN:56,buildBytes
FN:65,buildEscPosReceipt
FN:68,(anonymous_7)
FN:69,(anonymous_8)
FN:70,(anonymous_9)
FN:135,buildEscPosSplitPersonReceipt
FN:143,(anonymous_11)
FN:144,(anonymous_12)
FN:145,(anonymous_13)
FN:196,buildEscPosSplitCombinedReceipt
FN:203,(anonymous_15)
FN:204,(anonymous_16)
FN:205,(anonymous_17)
FNF:18
FNH:17
FNDA:523,encode
FNDA:282,padRow
FNDA:0,centerText
FNDA:128,separator
FNDA:137,fmtRp
FNDA:30,buildBytes
FNDA:14,buildEscPosReceipt
FNDA:455,(anonymous_7)
FNDA:261,(anonymous_8)
FNDA:28,(anonymous_9)
FNDA:8,buildEscPosSplitPersonReceipt
FNDA:222,(anonymous_11)
FNDA:126,(anonymous_12)
FNDA:16,(anonymous_13)
FNDA:8,buildEscPosSplitCombinedReceipt
FNDA:240,(anonymous_15)
FNDA:136,(anonymous_16)
FNDA:24,(anonymous_17)
DA:4,1
DA:5,1
DA:8,1
DA:9,1
DA:10,1
DA:12,1
DA:27,1
DA:30,523
DA:31,523
DA:32,15135
DA:33,15135
DA:35,523
DA:39,282
DA:40,282
DA:44,0
DA:45,0
DA:49,128
DA:53,137
DA:57,30
DA:58,30
DA:59,1608
DA:60,0
DA:62,30
DA:65,1
DA:66,14
DA:68,455
DA:69,261
DA:70,28
DA:72,14
DA:75,14
DA:76,14
DA:77,14
DA:78,14
DA:79,14
DA:80,14
DA:81,14
DA:84,14
DA:85,14
DA:86,14
DA:87,14
DA:88,14
DA:89,14
DA:90,14
DA:93,14
DA:94,27
DA:95,27
DA:97,14
DA:100,14
DA:101,14
DA:102,14
DA:105,14
DA:106,14
DA:107,13
DA:108,13
DA:109,13
DA:110,13
DA:113,14
DA:114,14
DA:115,14
DA:116,14
DA:117,14
DA:118,14
DA:119,14
DA:121,14
DA:135,1
DA:142,8
DA:143,222
DA:144,126
DA:145,16
DA:147,8
DA:148,8
DA:149,8
DA:150,8
DA:151,8
DA:152,8
DA:154,8
DA:155,8
DA:156,8
DA:157,8
DA:158,8
DA:159,8
DA:160,8
DA:162,8
DA:163,7
DA:164,7
DA:165,7
DA:168,1
DA:169,1
DA:170,1
DA:172,8
DA:174,8
DA:175,8
DA:176,8
DA:177,8
DA:179,8
DA:180,7
DA:181,7
DA:182,7
DA:183,7
DA:186,8
DA:187,8
DA:188,8
DA:189,8
DA:190,8
DA:191,8
DA:193,8
DA:196,1
DA:202,8
DA:203,240
DA:204,136
DA:205,24
DA:207,8
DA:208,8
DA:209,8
DA:210,8
DA:211,8
DA:212,8
DA:214,8
DA:215,8
DA:216,8
DA:217,8
DA:218,8
DA:219,8
DA:221,8
DA:222,16
DA:223,16
DA:225,8
DA:227,8
DA:228,8
DA:229,8
DA:230,8
DA:232,8
DA:233,8
DA:234,8
DA:235,8
DA:237,8
DA:238,16
DA:239,16
DA:242,8
DA:243,8
DA:244,8
DA:245,8
DA:246,8
DA:247,8
DA:249,8
LF:145
LH:142
BRDA:33,0,0,0
BRDA:33,0,1,15135
BRDA:38,1,0,282
BRDA:40,2,0,282
BRDA:40,2,1,0
BRDA:43,3,0,0
BRDA:48,4,0,128
BRDA:48,5,0,128
BRDA:59,6,0,1608
BRDA:59,6,1,0
BRDA:87,7,0,13
BRDA:87,7,1,1
BRDA:88,8,0,12
BRDA:88,8,1,2
BRDA:94,9,0,1
BRDA:94,9,1,26
BRDA:105,10,0,13
BRDA:105,10,1,1
BRDA:106,11,0,13
BRDA:106,11,1,1
BRDA:107,12,0,13
BRDA:107,12,1,0
BRDA:109,13,0,13
BRDA:109,13,1,0
BRDA:162,14,0,7
BRDA:162,14,1,1
BRDA:164,15,0,0
BRDA:164,15,1,7
BRDA:177,16,0,7
BRDA:177,16,1,1
BRDA:179,17,0,7
BRDA:179,17,1,1
BRDA:179,18,0,8
BRDA:179,18,1,7
BRDA:182,19,0,7
BRDA:182,19,1,0
BRDA:222,20,0,0
BRDA:222,20,1,16
BRDA:238,21,0,8
BRDA:238,21,1,8
BRF:40
BRH:31
end_of_record
TN:
SF:lib\splitBillUtils.ts
FN:8,calculateChange
FN:23,isFullyPaid
FN:33,determineOrderStatus
FN:47,calculateEqualSplit
FN:57,(anonymous_4)
FN:68,calculateRemaining
FNF:6
FNH:6
FNDA:4,calculateChange
FNDA:6,isFullyPaid
FNDA:3,determineOrderStatus
FNDA:5,calculateEqualSplit
FNDA:14,(anonymous_4)
FNDA:3,calculateRemaining
DA:8,1
DA:12,4
DA:13,3
DA:14,2
DA:23,1
DA:24,6
DA:33,1
DA:37,3
DA:47,1
DA:51,5
DA:52,4
DA:54,3
DA:55,3
DA:57,3
DA:58,14
DA:68,1
DA:72,3
LF:17
LH:17
BRDA:12,0,0,1
BRDA:12,0,1,3
BRDA:12,1,0,4
BRDA:12,1,1,3
BRDA:13,2,0,1
BRDA:13,2,1,2
BRDA:37,3,0,1
BRDA:37,3,1,2
BRDA:51,4,0,1
BRDA:51,4,1,4
BRDA:52,5,0,1
BRDA:52,5,1,3
BRDA:58,6,0,3
BRDA:58,6,1,11
BRF:14
BRH:14
end_of_record
TN:
SF:lib\utils.ts
FN:4,formatRupiah
FN:16,generateOrderNumber
FN:31,isLowStock
FN:45,cn
FNF:4
FNH:4
FNDA:4,formatRupiah
FNDA:26,generateOrderNumber
FNDA:6,isLowStock
FNDA:3,cn
DA:4,2
DA:5,4
DA:16,2
DA:17,26
DA:19,26
DA:23,26
DA:24,26
DA:25,26
DA:31,2
DA:36,6
DA:42,2
DA:43,2
DA:45,2
DA:46,3
LF:14
LH:14
BRDA:34,0,0,4
BRF:1
BRH:1
end_of_record
